[INFO] Scanning for projects...
[INFO] 
[INFO] -----------------< com.quizmaster:quizmaster-backend >------------------
[INFO] Building quizmaster-backend 0.0.1-SNAPSHOT
[INFO]   from pom.xml
[INFO] --------------------------------[ jar ]---------------------------------
[INFO] 
[INFO] >>> spring-boot:3.2.0:run (default-cli) > test-compile @ quizmaster-backend >>>
[INFO] 
[INFO] --- resources:3.4.0:resources (default-resources) @ quizmaster-backend ---
[WARNING] Using platform encoding (UTF-8 actually) to copy filtered resources, i.e. build is platform dependent!
[INFO] Copying 12 resources from src/main/resources to target/classes
[INFO] 
[INFO] --- compiler:3.8.1:compile (default-compile) @ quizmaster-backend ---
[INFO] Changes detected - recompiling the module!
[WARNING] File encoding has not been set, using platform encoding UTF-8, i.e. build is platform dependent!
[INFO] Compiling 55 source files to /Users/shoaibahmed/freeClaude/QuizMaster/backend/target/classes
[INFO] [parsing started SimpleFileObject[/Users/shoaibahmed/freeClaude/QuizMaster/backend/src/main/java/com/quizmaster/service/QuizService.java]]
[INFO] [parsing completed 10ms]
[INFO] [parsing started SimpleFileObject[/Users/shoaibahmed/freeClaude/QuizMaster/backend/src/main/java/com/quizmaster/entity/Notification.java]]
[INFO] [parsing completed 1ms]
[INFO] [parsing started SimpleFileObject[/Users/shoaibahmed/freeClaude/QuizMaster/backend/src/main/java/com/quizmaster/config/SecurityConfig.java]]
[INFO] [parsing completed 1ms]
[INFO] [parsing started SimpleFileObject[/Users/shoaibahmed/freeClaude/QuizMaster/backend/src/main/java/com/quizmaster/dto/UserDto.java]]
[INFO] [parsing completed 0ms]
[INFO] [parsing started SimpleFileObject[/Users/shoaibahmed/freeClaude/QuizMaster/backend/src/main/java/com/quizmaster/repository/QuizRepository.java]]
[INFO] [parsing completed 0ms]
[INFO] [parsing started SimpleFileObject[/Users/shoaibahmed/freeClaude/QuizMaster/backend/src/main/java/com/quizmaster/dto/AttemptStartRequest.java]]
[INFO] [parsing completed 0ms]
[INFO] [parsing started SimpleFileObject[/Users/shoaibahmed/freeClaude/QuizMaster/backend/src/main/java/com/quizmaster/repository/UserRepository.java]]
[INFO] [parsing completed 1ms]
[INFO] [parsing started SimpleFileObject[/Users/shoaibahmed/freeClaude/QuizMaster/backend/src/main/java/com/quizmaster/entity/Recommendation.java]]
[INFO] [parsing completed 0ms]
[INFO] [parsing started SimpleFileObject[/Users/shoaibahmed/freeClaude/QuizMaster/backend/src/main/java/com/quizmaster/entity/Attempt.java]]
[INFO] [parsing completed 0ms]
[INFO] [parsing started SimpleFileObject[/Users/shoaibahmed/freeClaude/QuizMaster/backend/src/main/java/com/quizmaster/exception/ResourceNotFoundException.java]]
[INFO] [parsing completed 1ms]
[INFO] [parsing started SimpleFileObject[/Users/shoaibahmed/freeClaude/QuizMaster/backend/src/main/java/com/quizmaster/controller/QuizController.java]]
[INFO] [parsing completed 1ms]
[INFO] [parsing started SimpleFileObject[/Users/shoaibahmed/freeClaude/QuizMaster/backend/src/main/java/com/quizmaster/dto/AttemptResponse.java]]
[INFO] [parsing completed 0ms]
[INFO] [parsing started SimpleFileObject[/Users/shoaibahmed/freeClaude/QuizMaster/backend/src/main/java/com/quizmaster/entity/User.java]]
[INFO] [parsing completed 0ms]
[INFO] [parsing started SimpleFileObject[/Users/shoaibahmed/freeClaude/QuizMaster/backend/src/main/java/com/quizmaster/service/ScoringService.java]]
[INFO] [parsing completed 0ms]
[INFO] [parsing started SimpleFileObject[/Users/shoaibahmed/freeClaude/QuizMaster/backend/src/main/java/com/quizmaster/dto/QuizRequest.java]]
[INFO] [parsing completed 1ms]
[INFO] [parsing started SimpleFileObject[/Users/shoaibahmed/freeClaude/QuizMaster/backend/src/main/java/com/quizmaster/dto/QuestionDto.java]]
[INFO] [parsing completed 0ms]
[INFO] [parsing started SimpleFileObject[/Users/shoaibahmed/freeClaude/QuizMaster/backend/src/main/java/com/quizmaster/repository/AttemptRepository.java]]
[INFO] [parsing completed 1ms]
[INFO] [parsing started SimpleFileObject[/Users/shoaibahmed/freeClaude/QuizMaster/backend/src/main/java/com/quizmaster/dto/CategoryRequest.java]]
[INFO] [parsing completed 0ms]
[INFO] [parsing started SimpleFileObject[/Users/shoaibahmed/freeClaude/QuizMaster/backend/src/main/java/com/quizmaster/dto/AuthResponse.java]]
[INFO] [parsing completed 0ms]
[INFO] [parsing started SimpleFileObject[/Users/shoaibahmed/freeClaude/QuizMaster/backend/src/main/java/com/quizmaster/service/AttemptService.java]]
[INFO] [parsing completed 2ms]
[INFO] [parsing started SimpleFileObject[/Users/shoaibahmed/freeClaude/QuizMaster/backend/src/main/java/com/quizmaster/service/AuthService.java]]
[INFO] [parsing completed 1ms]
[INFO] [parsing started SimpleFileObject[/Users/shoaibahmed/freeClaude/QuizMaster/backend/src/main/java/com/quizmaster/util/ApiResponse.java]]
[INFO] [parsing completed 1ms]
[INFO] [parsing started SimpleFileObject[/Users/shoaibahmed/freeClaude/QuizMaster/backend/src/main/java/com/quizmaster/repository/NotificationRepository.java]]
[INFO] [parsing completed 0ms]
[INFO] [parsing started SimpleFileObject[/Users/shoaibahmed/freeClaude/QuizMaster/backend/src/main/java/com/quizmaster/util/JwtUtils.java]]
[INFO] [parsing completed 1ms]
[INFO] [parsing started SimpleFileObject[/Users/shoaibahmed/freeClaude/QuizMaster/backend/src/main/java/com/quizmaster/entity/Quiz.java]]
[INFO] [parsing completed 0ms]
[INFO] [parsing started SimpleFileObject[/Users/shoaibahmed/freeClaude/QuizMaster/backend/src/main/java/com/quizmaster/entity/QuizStatus.java]]
[INFO] [parsing completed 0ms]
[INFO] [parsing started SimpleFileObject[/Users/shoaibahmed/freeClaude/QuizMaster/backend/src/main/java/com/quizmaster/entity/Question.java]]
[INFO] [parsing completed 0ms]
[INFO] [parsing started SimpleFileObject[/Users/shoaibahmed/freeClaude/QuizMaster/backend/src/main/java/com/quizmaster/repository/RecommendationRepository.java]]
[INFO] [parsing completed 0ms]
[INFO] [parsing started SimpleFileObject[/Users/shoaibahmed/freeClaude/QuizMaster/backend/src/main/java/com/quizmaster/config/JwtAuthenticationFilter.java]]
[INFO] [parsing completed 0ms]
[INFO] [parsing started SimpleFileObject[/Users/shoaibahmed/freeClaude/QuizMaster/backend/src/main/java/com/quizmaster/entity/Category.java]]
[INFO] [parsing completed 0ms]
[INFO] [parsing started SimpleFileObject[/Users/shoaibahmed/freeClaude/QuizMaster/backend/src/main/java/com/quizmaster/repository/CategoryRepository.java]]
[INFO] [parsing completed 0ms]
[INFO] [parsing started SimpleFileObject[/Users/shoaibahmed/freeClaude/QuizMaster/backend/src/main/java/com/quizmaster/controller/CategoryController.java]]
[INFO] [parsing completed 0ms]
[INFO] [parsing started SimpleFileObject[/Users/shoaibahmed/freeClaude/QuizMaster/backend/src/main/java/com/quizmaster/service/CategoryService.java]]
[INFO] [parsing completed 1ms]
[INFO] [parsing started SimpleFileObject[/Users/shoaibahmed/freeClaude/QuizMaster/backend/src/main/java/com/quizmaster/dto/ResultResponse.java]]
[INFO] [parsing completed 0ms]
[INFO] [parsing started SimpleFileObject[/Users/shoaibahmed/freeClaude/QuizMaster/backend/src/main/java/com/quizmaster/controller/AttemptController.java]]
[INFO] [parsing completed 0ms]
[INFO] [parsing started SimpleFileObject[/Users/shoaibahmed/freeClaude/QuizMaster/backend/src/main/java/com/quizmaster/util/PasswordUtil.java]]
[INFO] [parsing completed 0ms]
[INFO] [parsing started SimpleFileObject[/Users/shoaibahmed/freeClaude/QuizMaster/backend/src/main/java/com/quizmaster/controller/HealthCheckController.java]]
[INFO] [parsing completed 0ms]
[INFO] [parsing started SimpleFileObject[/Users/shoaibahmed/freeClaude/QuizMaster/backend/src/main/java/com/quizmaster/controller/AuthController.java]]
[INFO] [parsing completed 1ms]
[INFO] [parsing started SimpleFileObject[/Users/shoaibahmed/freeClaude/QuizMaster/backend/src/main/java/com/quizmaster/repository/QuestionRepository.java]]
[INFO] [parsing completed 0ms]
[INFO] [parsing started SimpleFileObject[/Users/shoaibahmed/freeClaude/QuizMaster/backend/src/main/java/com/quizmaster/entity/UserRole.java]]
[INFO] [parsing completed 0ms]
[INFO] [parsing started SimpleFileObject[/Users/shoaibahmed/freeClaude/QuizMaster/backend/src/main/java/com/quizmaster/entity/Difficulty.java]]
[INFO] [parsing completed 0ms]
[INFO] [parsing started SimpleFileObject[/Users/shoaibahmed/freeClaude/QuizMaster/backend/src/main/java/com/quizmaster/dto/LoginRequest.java]]
[INFO] [parsing completed 0ms]
[INFO] [parsing started SimpleFileObject[/Users/shoaibahmed/freeClaude/QuizMaster/backend/src/main/java/com/quizmaster/dto/RegisterRequest.java]]
[INFO] [parsing completed 0ms]
[INFO] [parsing started SimpleFileObject[/Users/shoaibahmed/freeClaude/QuizMaster/backend/src/main/java/com/quizmaster/config/CustomUserDetailsService.java]]
[INFO] [parsing completed 0ms]
[INFO] [parsing started SimpleFileObject[/Users/shoaibahmed/freeClaude/QuizMaster/backend/src/main/java/com/quizmaster/entity/AttemptAnswer.java]]
[INFO] [parsing completed 0ms]
[INFO] [parsing started SimpleFileObject[/Users/shoaibahmed/freeClaude/QuizMaster/backend/src/main/java/com/quizmaster/dto/QuizResponse.java]]
[INFO] [parsing completed 0ms]
[INFO] [parsing started SimpleFileObject[/Users/shoaibahmed/freeClaude/QuizMaster/backend/src/main/java/com/quizmaster/dto/AttemptSubmitRequest.java]]
[INFO] [parsing completed 0ms]
[INFO] [parsing started SimpleFileObject[/Users/shoaibahmed/freeClaude/QuizMaster/backend/src/main/java/com/quizmaster/entity/QuestionType.java]]
[INFO] [parsing completed 0ms]
[INFO] [parsing started SimpleFileObject[/Users/shoaibahmed/freeClaude/QuizMaster/backend/src/main/java/com/quizmaster/repository/AttemptAnswerRepository.java]]
[INFO] [parsing completed 0ms]
[INFO] [parsing started SimpleFileObject[/Users/shoaibahmed/freeClaude/QuizMaster/backend/src/main/java/com/quizmaster/config/OpenAPIConfig.java]]
[INFO] [parsing completed 0ms]
[INFO] [parsing started SimpleFileObject[/Users/shoaibahmed/freeClaude/QuizMaster/backend/src/main/java/com/quizmaster/QuizmasterApplication.java]]
[INFO] [parsing completed 0ms]
[INFO] [parsing started SimpleFileObject[/Users/shoaibahmed/freeClaude/QuizMaster/backend/src/main/java/com/quizmaster/dto/CategoryResponse.java]]
[INFO] [parsing completed 0ms]
[INFO] [parsing started SimpleFileObject[/Users/shoaibahmed/freeClaude/QuizMaster/backend/src/main/java/com/quizmaster/dto/AnswerDto.java]]
[INFO] [parsing completed 0ms]
[INFO] [parsing started SimpleFileObject[/Users/shoaibahmed/freeClaude/QuizMaster/backend/src/main/java/com/quizmaster/controller/ScoringController.java]]
[INFO] [parsing completed 0ms]
[INFO] [parsing started SimpleFileObject[/Users/shoaibahmed/freeClaude/QuizMaster/backend/src/main/java/com/quizmaster/exception/GlobalExceptionHandler.java]]
[INFO] [parsing completed 0ms]
[INFO] [loading /modules/jdk.jdeps/module-info.class]
[INFO] [loading /modules/jdk.crypto.cryptoki/module-info.class]
[INFO] [loading /modules/jdk.jcmd/module-info.class]
[INFO] [loading /modules/jdk.internal.vm.ci/module-info.class]
[INFO] [loading /modules/jdk.httpserver/module-info.class]
[INFO] [loading /modules/jdk.jartool/module-info.class]
[INFO] [loading /modules/jdk.jdwp.agent/module-info.class]
[INFO] [loading /modules/java.management/module-info.class]
[INFO] [loading /modules/jdk.crypto.ec/module-info.class]
[INFO] [loading /modules/jdk.charsets/module-info.class]
[INFO] [loading /modules/jdk.sctp/module-info.class]
[INFO] [loading /modules/jdk.jconsole/module-info.class]
[INFO] [loading /modules/java.compiler/module-info.class]
[INFO] [loading /modules/java.net.http/module-info.class]
[INFO] [loading /modules/jdk.jlink/module-info.class]
[INFO] [loading /modules/jdk.jfr/module-info.class]
[INFO] [loading /modules/jdk.security.jgss/module-info.class]
[INFO] [loading /modules/java.sql.rowset/module-info.class]
[INFO] [loading /modules/jdk.localedata/module-info.class]
[INFO] [loading /modules/jdk.accessibility/module-info.class]
[INFO] [loading /modules/jdk.editpad/module-info.class]
[INFO] [loading /modules/jdk.zipfs/module-info.class]
[INFO] [loading /modules/java.xml.crypto/module-info.class]
[INFO] [loading /modules/jdk.jdi/module-info.class]
[INFO] [loading /modules/java.desktop/module-info.class]
[INFO] [loading /modules/jdk.management.agent/module-info.class]
[INFO] [loading /modules/jdk.compiler/module-info.class]
[INFO] [loading /modules/jdk.jstatd/module-info.class]
[INFO] [loading /modules/jdk.internal.vm.compiler/module-info.class]
[INFO] [loading /modules/java.rmi/module-info.class]
[INFO] [loading /modules/jdk.management.jfr/module-info.class]
[INFO] [loading /modules/java.datatransfer/module-info.class]
[INFO] [loading /modules/jdk.unsupported.desktop/module-info.class]
[INFO] [loading /modules/java.logging/module-info.class]
[INFO] [loading /modules/jdk.internal.ed/module-info.class]
[INFO] [loading /modules/jdk.random/module-info.class]
[INFO] [loading /modules/jdk.dynalink/module-info.class]
[INFO] [loading /modules/java.instrument/module-info.class]
[INFO] [loading /modules/jdk.jsobject/module-info.class]
[INFO] [loading /modules/java.security.jgss/module-info.class]
[INFO] [loading /modules/jdk.security.auth/module-info.class]
[INFO] [loading /modules/java.xml/module-info.class]
[INFO] [loading /modules/java.naming/module-info.class]
[INFO] [loading /modules/jdk.management/module-info.class]
[INFO] [loading /modules/jdk.jpackage/module-info.class]
[INFO] [loading /modules/jdk.incubator.vector/module-info.class]
[INFO] [loading /modules/jdk.incubator.foreign/module-info.class]
[INFO] [loading /modules/java.prefs/module-info.class]
[INFO] [loading /modules/java.management.rmi/module-info.class]
[INFO] [loading /modules/jdk.internal.vm.compiler.management/module-info.class]
[INFO] [loading /modules/jdk.unsupported/module-info.class]
[INFO] [loading /modules/jdk.javadoc/module-info.class]
[INFO] [loading /modules/java.smartcardio/module-info.class]
[INFO] [loading /modules/java.se/module-info.class]
[INFO] [loading /modules/java.transaction.xa/module-info.class]
[INFO] [loading /modules/jdk.xml.dom/module-info.class]
[INFO] [loading /modules/jdk.internal.jvmstat/module-info.class]
[INFO] [loading /modules/java.sql/module-info.class]
[INFO] [loading /modules/jdk.hotspot.agent/module-info.class]
[INFO] [loading /modules/java.base/module-info.class]
[INFO] [loading /modules/java.security.sasl/module-info.class]
[INFO] [loading /modules/jdk.internal.opt/module-info.class]
[INFO] [loading /modules/jdk.internal.le/module-info.class]
[INFO] [loading /modules/jdk.naming.dns/module-info.class]
[INFO] [loading /modules/jdk.jshell/module-info.class]
[INFO] [loading /modules/jdk.naming.rmi/module-info.class]
[INFO] [loading /modules/jdk.attach/module-info.class]
[INFO] [loading /modules/jdk.nio.mapmode/module-info.class]
[INFO] [loading /modules/java.scripting/module-info.class]
[INFO] [loading /modules/jdk.net/module-info.class]
[INFO] [search path for source files: /Users/shoaibahmed/freeClaude/QuizMaster/backend/src/main/java,/Users/shoaibahmed/freeClaude/QuizMaster/backend/target/generated-sources/annotations]
[INFO] [search path for class files: /opt/homebrew/Cellar/openjdk@17/17.0.19/libexec/openjdk.jdk/Contents/Home/lib/modules,/Users/shoaibahmed/freeClaude/QuizMaster/backend/target/classes,/Users/shoaibahmed/.m2/repository/org/springframework/boot/spring-boot-starter-web/3.2.0/spring-boot-starter-web-3.2.0.jar,/Users/shoaibahmed/.m2/repository/org/springframework/boot/spring-boot-starter/3.2.0/spring-boot-starter-3.2.0.jar,/Users/shoaibahmed/.m2/repository/org/springframework/boot/spring-boot/3.2.0/spring-boot-3.2.0.jar,/Users/shoaibahmed/.m2/repository/org/springframework/boot/spring-boot-autoconfigure/3.2.0/spring-boot-autoconfigure-3.2.0.jar,/Users/shoaibahmed/.m2/repository/org/springframework/boot/spring-boot-starter-logging/3.2.0/spring-boot-starter-logging-3.2.0.jar,/Users/shoaibahmed/.m2/repository/ch/qos/logback/logback-classic/1.4.11/logback-classic-1.4.11.jar,/Users/shoaibahmed/.m2/repository/ch/qos/logback/logback-core/1.4.11/logback-core-1.4.11.jar,/Users/shoaibahmed/.m2/repository/org/apache/logging/log4j/log4j-to-slf4j/2.21.1/log4j-to-slf4j-2.21.1.jar,/Users/shoaibahmed/.m2/repository/org/apache/logging/log4j/log4j-api/2.21.1/log4j-api-2.21.1.jar,/Users/shoaibahmed/.m2/repository/org/slf4j/jul-to-slf4j/2.0.9/jul-to-slf4j-2.0.9.jar,/Users/shoaibahmed/.m2/repository/jakarta/annotation/jakarta.annotation-api/2.1.1/jakarta.annotation-api-2.1.1.jar,/Users/shoaibahmed/.m2/repository/org/springframework/spring-core/6.1.1/spring-core-6.1.1.jar,/Users/shoaibahmed/.m2/repository/org/springframework/spring-jcl/6.1.1/spring-jcl-6.1.1.jar,/Users/shoaibahmed/.m2/repository/org/yaml/snakeyaml/2.2/snakeyaml-2.2.jar,/Users/shoaibahmed/.m2/repository/org/springframework/boot/spring-boot-starter-json/3.2.0/spring-boot-starter-json-3.2.0.jar,/Users/shoaibahmed/.m2/repository/com/fasterxml/jackson/datatype/jackson-datatype-jdk8/2.15.3/jackson-datatype-jdk8-2.15.3.jar,/Users/shoaibahmed/.m2/repository/com/fasterxml/jackson/datatype/jackson-datatype-jsr310/2.15.3/jackson-datatype-jsr310-2.15.3.jar,/Users/shoaibahmed/.m2/repository/com/fasterxml/jackson/module/jackson-module-parameter-names/2.15.3/jackson-module-parameter-names-2.15.3.jar,/Users/shoaibahmed/.m2/repository/org/springframework/boot/spring-boot-starter-tomcat/3.2.0/spring-boot-starter-tomcat-3.2.0.jar,/Users/shoaibahmed/.m2/repository/org/apache/tomcat/embed/tomcat-embed-core/10.1.16/tomcat-embed-core-10.1.16.jar,/Users/shoaibahmed/.m2/repository/org/apache/tomcat/embed/tomcat-embed-websocket/10.1.16/tomcat-embed-websocket-10.1.16.jar,/Users/shoaibahmed/.m2/repository/org/springframework/spring-web/6.1.1/spring-web-6.1.1.jar,/Users/shoaibahmed/.m2/repository/org/springframework/spring-beans/6.1.1/spring-beans-6.1.1.jar,/Users/shoaibahmed/.m2/repository/io/micrometer/micrometer-observation/1.12.0/micrometer-observation-1.12.0.jar,/Users/shoaibahmed/.m2/repository/io/micrometer/micrometer-commons/1.12.0/micrometer-commons-1.12.0.jar,/Users/shoaibahmed/.m2/repository/org/springframework/spring-webmvc/6.1.1/spring-webmvc-6.1.1.jar,/Users/shoaibahmed/.m2/repository/org/springframework/spring-context/6.1.1/spring-context-6.1.1.jar,/Users/shoaibahmed/.m2/repository/org/springframework/spring-expression/6.1.1/spring-expression-6.1.1.jar,/Users/shoaibahmed/.m2/repository/org/springframework/boot/spring-boot-starter-security/3.2.0/spring-boot-starter-security-3.2.0.jar,/Users/shoaibahmed/.m2/repository/org/springframework/spring-aop/6.1.1/spring-aop-6.1.1.jar,/Users/shoaibahmed/.m2/repository/org/springframework/security/spring-security-config/6.2.0/spring-security-config-6.2.0.jar,/Users/shoaibahmed/.m2/repository/org/springframework/security/spring-security-core/6.2.0/spring-security-core-6.2.0.jar,/Users/shoaibahmed/.m2/repository/org/springframework/security/spring-security-crypto/6.2.0/spring-security-crypto-6.2.0.jar,/Users/shoaibahmed/.m2/repository/org/springframework/security/spring-security-web/6.2.0/spring-security-web-6.2.0.jar,/Users/shoaibahmed/.m2/repository/org/springframework/boot/spring-boot-starter-data-jpa/3.2.0/spring-boot-starter-data-jpa-3.2.0.jar,/Users/shoaibahmed/.m2/repository/org/springframework/boot/spring-boot-starter-aop/3.2.0/spring-boot-starter-aop-3.2.0.jar,/Users/shoaibahmed/.m2/repository/org/aspectj/aspectjweaver/1.9.20.1/aspectjweaver-1.9.20.1.jar,/Users/shoaibahmed/.m2/repository/org/springframework/boot/spring-boot-starter-jdbc/3.2.0/spring-boot-starter-jdbc-3.2.0.jar,/Users/shoaibahmed/.m2/repository/com/zaxxer/HikariCP/5.0.1/HikariCP-5.0.1.jar,/Users/shoaibahmed/.m2/repository/org/springframework/spring-jdbc/6.1.1/spring-jdbc-6.1.1.jar,/Users/shoaibahmed/.m2/repository/org/hibernate/orm/hibernate-core/6.3.1.Final/hibernate-core-6.3.1.Final.jar,/Users/shoaibahmed/.m2/repository/jakarta/persistence/jakarta.persistence-api/3.1.0/jakarta.persistence-api-3.1.0.jar,/Users/shoaibahmed/.m2/repository/jakarta/transaction/jakarta.transaction-api/2.0.1/jakarta.transaction-api-2.0.1.jar,/Users/shoaibahmed/.m2/repository/org/jboss/logging/jboss-logging/3.5.3.Final/jboss-logging-3.5.3.Final.jar,/Users/shoaibahmed/.m2/repository/com/fasterxml/classmate/1.6.0/classmate-1.6.0.jar,/Users/shoaibahmed/.m2/repository/jakarta/xml/bind/jakarta.xml.bind-api/4.0.1/jakarta.xml.bind-api-4.0.1.jar,/Users/shoaibahmed/.m2/repository/jakarta/activation/jakarta.activation-api/2.1.2/jakarta.activation-api-2.1.2.jar,/Users/shoaibahmed/.m2/repository/org/antlr/antlr4-runtime/4.10.1/antlr4-runtime-4.10.1.jar,/Users/shoaibahmed/.m2/repository/org/springframework/data/spring-data-jpa/3.2.0/spring-data-jpa-3.2.0.jar,/Users/shoaibahmed/.m2/repository/org/springframework/data/spring-data-commons/3.2.0/spring-data-commons-3.2.0.jar,/Users/shoaibahmed/.m2/repository/org/springframework/spring-orm/6.1.1/spring-orm-6.1.1.jar,/Users/shoaibahmed/.m2/repository/org/springframework/spring-tx/6.1.1/spring-tx-6.1.1.jar,/Users/shoaibahmed/.m2/repository/org/slf4j/slf4j-api/2.0.9/slf4j-api-2.0.9.jar,/Users/shoaibahmed/.m2/repository/org/springframework/spring-aspects/6.1.1/spring-aspects-6.1.1.jar,/Users/shoaibahmed/.m2/repository/org/projectlombok/lombok/1.18.30/lombok-1.18.30.jar,/Users/shoaibahmed/.m2/repository/org/springframework/boot/spring-boot-starter-validation/3.2.0/spring-boot-starter-validation-3.2.0.jar,/Users/shoaibahmed/.m2/repository/org/apache/tomcat/embed/tomcat-embed-el/10.1.16/tomcat-embed-el-10.1.16.jar,/Users/shoaibahmed/.m2/repository/org/hibernate/validator/hibernate-validator/8.0.1.Final/hibernate-validator-8.0.1.Final.jar,/Users/shoaibahmed/.m2/repository/jakarta/validation/jakarta.validation-api/3.0.2/jakarta.validation-api-3.0.2.jar,/Users/shoaibahmed/.m2/repository/org/flywaydb/flyway-core/9.22.3/flyway-core-9.22.3.jar,/Users/shoaibahmed/.m2/repository/com/fasterxml/jackson/dataformat/jackson-dataformat-toml/2.15.3/jackson-dataformat-toml-2.15.3.jar,/Users/shoaibahmed/.m2/repository/com/fasterxml/jackson/core/jackson-core/2.15.3/jackson-core-2.15.3.jar,/Users/shoaibahmed/.m2/repository/com/google/code/gson/gson/2.10.1/gson-2.10.1.jar,/Users/shoaibahmed/.m2/repository/io/jsonwebtoken/jjwt-api/0.11.5/jjwt-api-0.11.5.jar,/Users/shoaibahmed/.m2/repository/com/fasterxml/jackson/core/jackson-databind/2.15.3/jackson-databind-2.15.3.jar,/Users/shoaibahmed/.m2/repository/com/fasterxml/jackson/core/jackson-annotations/2.15.3/jackson-annotations-2.15.3.jar,/Users/shoaibahmed/.m2/repository/org/springdoc/springdoc-openapi-starter-webmvc-ui/2.2.0/springdoc-openapi-starter-webmvc-ui-2.2.0.jar,/Users/shoaibahmed/.m2/repository/org/springdoc/springdoc-openapi-starter-webmvc-api/2.2.0/springdoc-openapi-starter-webmvc-api-2.2.0.jar,/Users/shoaibahmed/.m2/repository/org/springdoc/springdoc-openapi-starter-common/2.2.0/springdoc-openapi-starter-common-2.2.0.jar,/Users/shoaibahmed/.m2/repository/io/swagger/core/v3/swagger-core-jakarta/2.2.15/swagger-core-jakarta-2.2.15.jar,/Users/shoaibahmed/.m2/repository/org/apache/commons/commons-lang3/3.13.0/commons-lang3-3.13.0.jar,/Users/shoaibahmed/.m2/repository/io/swagger/core/v3/swagger-annotations-jakarta/2.2.15/swagger-annotations-jakarta-2.2.15.jar,/Users/shoaibahmed/.m2/repository/io/swagger/core/v3/swagger-models-jakarta/2.2.15/swagger-models-jakarta-2.2.15.jar,/Users/shoaibahmed/.m2/repository/com/fasterxml/jackson/dataformat/jackson-dataformat-yaml/2.15.3/jackson-dataformat-yaml-2.15.3.jar,/Users/shoaibahmed/.m2/repository/org/webjars/swagger-ui/5.2.0/swagger-ui-5.2.0.jar,.]
[INFO] [loading /Users/shoaibahmed/.m2/repository/org/projectlombok/lombok/1.18.30/lombok-1.18.30.jar(/lombok/RequiredArgsConstructor.class)]
[INFO] [loading /Users/shoaibahmed/.m2/repository/org/springframework/spring-context/6.1.1/spring-context-6.1.1.jar(/org/springframework/stereotype/Service.class)]
[INFO] [loading /Users/shoaibahmed/.m2/repository/org/springframework/spring-tx/6.1.1/spring-tx-6.1.1.jar(/org/springframework/transaction/annotation/Transactional.class)]
[INFO] [loading /Users/shoaibahmed/.m2/repository/org/springframework/spring-web/6.1.1/spring-web-6.1.1.jar(/org/springframework/web/multipart/MultipartFile.class)]
[INFO] [loading /modules/java.base/java/io/BufferedReader.class]
[INFO] [loading /modules/java.base/java/io/IOException.class]
[INFO] [loading /modules/java.base/java/io/InputStreamReader.class]
[INFO] [loading /modules/java.base/java/util/ArrayList.class]
[INFO] [loading /modules/java.base/java/util/List.class]
[INFO] [loading /modules/java.base/java/util/stream/Collectors.class]
[INFO] [loading /modules/java.base/java/lang/Object.class]
[INFO] [loading /Users/shoaibahmed/.m2/repository/org/springframework/data/spring-data-jpa/3.2.0/spring-data-jpa-3.2.0.jar(/org/springframework/data/jpa/repository/JpaRepository.class)]
[INFO] [loading /Users/shoaibahmed/.m2/repository/org/springframework/data/spring-data-jpa/3.2.0/spring-data-jpa-3.2.0.jar(/org/springframework/data/jpa/repository/Query.class)]
[INFO] [loading /Users/shoaibahmed/.m2/repository/org/springframework/data/spring-data-commons/3.2.0/spring-data-commons-3.2.0.jar(/org/springframework/data/repository/query/Param.class)]
[INFO] [loading /Users/shoaibahmed/.m2/repository/org/springframework/spring-context/6.1.1/spring-context-6.1.1.jar(/org/springframework/stereotype/Repository.class)]
[INFO] [loading /modules/java.base/java/util/Optional.class]
[INFO] [loading /Users/shoaibahmed/.m2/repository/org/springframework/data/spring-data-commons/3.2.0/spring-data-commons-3.2.0.jar(/org/springframework/data/repository/ListCrudRepository.class)]
[INFO] [loading /Users/shoaibahmed/.m2/repository/org/springframework/data/spring-data-commons/3.2.0/spring-data-commons-3.2.0.jar(/org/springframework/data/repository/CrudRepository.class)]
[INFO] [loading /Users/shoaibahmed/.m2/repository/org/springframework/data/spring-data-commons/3.2.0/spring-data-commons-3.2.0.jar(/org/springframework/data/repository/Repository.class)]
[INFO] [loading /Users/shoaibahmed/.m2/repository/org/springframework/data/spring-data-commons/3.2.0/spring-data-commons-3.2.0.jar(/org/springframework/data/repository/ListPagingAndSortingRepository.class)]
[INFO] [loading /Users/shoaibahmed/.m2/repository/org/springframework/data/spring-data-commons/3.2.0/spring-data-commons-3.2.0.jar(/org/springframework/data/repository/PagingAndSortingRepository.class)]
[INFO] [loading /Users/shoaibahmed/.m2/repository/org/springframework/data/spring-data-commons/3.2.0/spring-data-commons-3.2.0.jar(/org/springframework/data/repository/query/QueryByExampleExecutor.class)]
[INFO] [loading /Users/shoaibahmed/.m2/repository/org/projectlombok/lombok/1.18.30/lombok-1.18.30.jar(/lombok/AllArgsConstructor.class)]
[INFO] [loading /Users/shoaibahmed/.m2/repository/org/projectlombok/lombok/1.18.30/lombok-1.18.30.jar(/lombok/Builder.class)]
[INFO] [loading /Users/shoaibahmed/.m2/repository/org/projectlombok/lombok/1.18.30/lombok-1.18.30.jar(/lombok/Data.class)]
[INFO] [loading /Users/shoaibahmed/.m2/repository/org/projectlombok/lombok/1.18.30/lombok-1.18.30.jar(/lombok/NoArgsConstructor.class)]
[INFO] [loading /modules/java.base/java/time/LocalDateTime.class]
[INFO] [loading /Users/shoaibahmed/.m2/repository/jakarta/persistence/jakarta.persistence-api/3.1.0/jakarta.persistence-api-3.1.0.jar(/jakarta/persistence/Entity.class)]
[INFO] [loading /Users/shoaibahmed/.m2/repository/jakarta/persistence/jakarta.persistence-api/3.1.0/jakarta.persistence-api-3.1.0.jar(/jakarta/persistence/Table.class)]
[INFO] [loading /modules/java.base/java/lang/Long.class]
[INFO] [loading /Users/shoaibahmed/.m2/repository/jakarta/validation/jakarta.validation-api/3.0.2/jakarta.validation-api-3.0.2.jar(/jakarta/validation/constraints/Max.class)]
[INFO] [loading /Users/shoaibahmed/.m2/repository/jakarta/validation/jakarta.validation-api/3.0.2/jakarta.validation-api-3.0.2.jar(/jakarta/validation/constraints/Min.class)]
[INFO] [loading /Users/shoaibahmed/.m2/repository/jakarta/validation/jakarta.validation-api/3.0.2/jakarta.validation-api-3.0.2.jar(/jakarta/validation/constraints/NotBlank.class)]
[INFO] [loading /Users/shoaibahmed/.m2/repository/jakarta/validation/jakarta.validation-api/3.0.2/jakarta.validation-api-3.0.2.jar(/jakarta/validation/constraints/NotNull.class)]
[INFO] [loading /Users/shoaibahmed/.m2/repository/jakarta/validation/jakarta.validation-api/3.0.2/jakarta.validation-api-3.0.2.jar(/jakarta/validation/constraints/Size.class)]
[INFO] [loading /modules/java.base/java/lang/String.class]
[INFO] [loading /modules/java.base/java/lang/Enum.class]
[INFO] [loading /modules/java.base/java/lang/constant/Constable.class]
[INFO] [loading /modules/java.base/java/lang/Comparable.class]
[INFO] [loading /modules/java.base/java/io/Serializable.class]
[INFO] [loading /modules/java.base/java/lang/Integer.class]
[INFO] [loading /modules/java.base/java/lang/Boolean.class]
[INFO] [loading /Users/shoaibahmed/.m2/repository/org/springframework/spring-context/6.1.1/spring-context-6.1.1.jar(/org/springframework/context/annotation/Bean.class)]
[INFO] [loading /Users/shoaibahmed/.m2/repository/org/springframework/spring-context/6.1.1/spring-context-6.1.1.jar(/org/springframework/context/annotation/Configuration.class)]
[INFO] [loading /Users/shoaibahmed/.m2/repository/org/springframework/spring-web/6.1.1/spring-web-6.1.1.jar(/org/springframework/http/HttpMethod.class)]
[INFO] [loading /Users/shoaibahmed/.m2/repository/org/springframework/security/spring-security-core/6.2.0/spring-security-core-6.2.0.jar(/org/springframework/security/authentication/AuthenticationManager.class)]
[INFO] [loading /Users/shoaibahmed/.m2/repository/org/springframework/security/spring-security-config/6.2.0/spring-security-config-6.2.0.jar(/org/springframework/security/config/annotation/authentication/configuration/AuthenticationConfiguration.class)]
[INFO] [loading /Users/shoaibahmed/.m2/repository/org/springframework/security/spring-security-config/6.2.0/spring-security-config-6.2.0.jar(/org/springframework/security/config/annotation/method/configuration/EnableMethodSecurity.class)]
[INFO] [loading /Users/shoaibahmed/.m2/repository/org/springframework/security/spring-security-config/6.2.0/spring-security-config-6.2.0.jar(/org/springframework/security/config/annotation/web/builders/HttpSecurity.class)]
[INFO] [loading /Users/shoaibahmed/.m2/repository/org/springframework/security/spring-security-config/6.2.0/spring-security-config-6.2.0.jar(/org/springframework/security/config/annotation/web/configuration/EnableWebSecurity.class)]
[INFO] [loading /Users/shoaibahmed/.m2/repository/org/springframework/security/spring-security-config/6.2.0/spring-security-config-6.2.0.jar(/org/springframework/security/config/http/SessionCreationPolicy.class)]
[INFO] [loading /Users/shoaibahmed/.m2/repository/org/springframework/security/spring-security-core/6.2.0/spring-security-core-6.2.0.jar(/org/springframework/security/core/userdetails/UserDetailsService.class)]
[INFO] [loading /Users/shoaibahmed/.m2/repository/org/springframework/security/spring-security-crypto/6.2.0/spring-security-crypto-6.2.0.jar(/org/springframework/security/crypto/bcrypt/BCryptPasswordEncoder.class)]
[INFO] [loading /Users/shoaibahmed/.m2/repository/org/springframework/security/spring-security-crypto/6.2.0/spring-security-crypto-6.2.0.jar(/org/springframework/security/crypto/password/PasswordEncoder.class)]
[INFO] [loading /Users/shoaibahmed/.m2/repository/org/springframework/security/spring-security-web/6.2.0/spring-security-web-6.2.0.jar(/org/springframework/security/web/SecurityFilterChain.class)]
[INFO] [loading /Users/shoaibahmed/.m2/repository/org/springframework/security/spring-security-web/6.2.0/spring-security-web-6.2.0.jar(/org/springframework/security/web/authentication/UsernamePasswordAuthenticationFilter.class)]
[INFO] [loading /Users/shoaibahmed/.m2/repository/org/springframework/spring-web/6.1.1/spring-web-6.1.1.jar(/org/springframework/web/cors/CorsConfiguration.class)]
[INFO] [loading /Users/shoaibahmed/.m2/repository/org/springframework/spring-web/6.1.1/spring-web-6.1.1.jar(/org/springframework/web/cors/CorsConfigurationSource.class)]
[INFO] [loading /Users/shoaibahmed/.m2/repository/org/springframework/spring-web/6.1.1/spring-web-6.1.1.jar(/org/springframework/web/cors/UrlBasedCorsConfigurationSource.class)]
[INFO] [loading /Users/shoaibahmed/.m2/repository/io/jsonwebtoken/jjwt-api/0.11.5/jjwt-api-0.11.5.jar(/io/jsonwebtoken/Claims.class)]
[INFO] [loading /Users/shoaibahmed/.m2/repository/io/jsonwebtoken/jjwt-api/0.11.5/jjwt-api-0.11.5.jar(/io/jsonwebtoken/Jwts.class)]
[INFO] [loading /Users/shoaibahmed/.m2/repository/io/jsonwebtoken/jjwt-api/0.11.5/jjwt-api-0.11.5.jar(/io/jsonwebtoken/SignatureAlgorithm.class)]
[INFO] [loading /Users/shoaibahmed/.m2/repository/io/jsonwebtoken/jjwt-api/0.11.5/jjwt-api-0.11.5.jar(/io/jsonwebtoken/io/Decoders.class)]
[INFO] [loading /Users/shoaibahmed/.m2/repository/io/jsonwebtoken/jjwt-api/0.11.5/jjwt-api-0.11.5.jar(/io/jsonwebtoken/security/Keys.class)]
[INFO] [loading /Users/shoaibahmed/.m2/repository/org/springframework/spring-beans/6.1.1/spring-beans-6.1.1.jar(/org/springframework/beans/factory/annotation/Value.class)]
[INFO] [loading /Users/shoaibahmed/.m2/repository/org/springframework/security/spring-security-core/6.2.0/spring-security-core-6.2.0.jar(/org/springframework/security/core/userdetails/UserDetails.class)]
[INFO] [loading /Users/shoaibahmed/.m2/repository/org/springframework/spring-context/6.1.1/spring-context-6.1.1.jar(/org/springframework/stereotype/Component.class)]
[INFO] [loading /modules/java.base/java/security/Key.class]
[INFO] [loading /modules/java.base/java/util/Date.class]
[INFO] [loading /modules/java.base/java/util/HashMap.class]
[INFO] [loading /modules/java.base/java/util/Map.class]
[INFO] [loading /modules/java.base/java/util/function/Function.class]
[INFO] [loading /modules/java.base/java/lang/Exception.class]
[INFO] [loading /Users/shoaibahmed/.m2/repository/org/apache/tomcat/embed/tomcat-embed-core/10.1.16/tomcat-embed-core-10.1.16.jar(/jakarta/servlet/FilterChain.class)]
[INFO] [loading /Users/shoaibahmed/.m2/repository/org/apache/tomcat/embed/tomcat-embed-core/10.1.16/tomcat-embed-core-10.1.16.jar(/jakarta/servlet/ServletException.class)]
[INFO] [loading /Users/shoaibahmed/.m2/repository/org/apache/tomcat/embed/tomcat-embed-core/10.1.16/tomcat-embed-core-10.1.16.jar(/jakarta/servlet/http/HttpServletRequest.class)]
[INFO] [loading /Users/shoaibahmed/.m2/repository/org/apache/tomcat/embed/tomcat-embed-core/10.1.16/tomcat-embed-core-10.1.16.jar(/jakarta/servlet/http/HttpServletResponse.class)]
[INFO] [loading /Users/shoaibahmed/.m2/repository/org/springframework/spring-core/6.1.1/spring-core-6.1.1.jar(/org/springframework/lang/NonNull.class)]
[INFO] [loading /Users/shoaibahmed/.m2/repository/org/springframework/security/spring-security-core/6.2.0/spring-security-core-6.2.0.jar(/org/springframework/security/authentication/UsernamePasswordAuthenticationToken.class)]
[INFO] [loading /Users/shoaibahmed/.m2/repository/org/springframework/security/spring-security-core/6.2.0/spring-security-core-6.2.0.jar(/org/springframework/security/core/context/SecurityContextHolder.class)]
[INFO] [loading /Users/shoaibahmed/.m2/repository/org/springframework/spring-web/6.1.1/spring-web-6.1.1.jar(/org/springframework/web/filter/OncePerRequestFilter.class)]
[INFO] [loading /Users/shoaibahmed/.m2/repository/org/springframework/spring-web/6.1.1/spring-web-6.1.1.jar(/org/springframework/web/filter/GenericFilterBean.class)]
[INFO] [loading /Users/shoaibahmed/.m2/repository/org/apache/tomcat/embed/tomcat-embed-core/10.1.16/tomcat-embed-core-10.1.16.jar(/jakarta/servlet/Filter.class)]
[INFO] [loading /Users/shoaibahmed/.m2/repository/org/springframework/spring-beans/6.1.1/spring-beans-6.1.1.jar(/org/springframework/beans/factory/BeanNameAware.class)]
[INFO] [loading /Users/shoaibahmed/.m2/repository/org/springframework/spring-beans/6.1.1/spring-beans-6.1.1.jar(/org/springframework/beans/factory/Aware.class)]
[INFO] [loading /Users/shoaibahmed/.m2/repository/org/springframework/spring-context/6.1.1/spring-context-6.1.1.jar(/org/springframework/context/EnvironmentAware.class)]
[INFO] [loading /Users/shoaibahmed/.m2/repository/org/springframework/spring-core/6.1.1/spring-core-6.1.1.jar(/org/springframework/core/env/EnvironmentCapable.class)]
[INFO] [loading /Users/shoaibahmed/.m2/repository/org/springframework/spring-web/6.1.1/spring-web-6.1.1.jar(/org/springframework/web/context/ServletContextAware.class)]
[INFO] [loading /Users/shoaibahmed/.m2/repository/org/springframework/spring-beans/6.1.1/spring-beans-6.1.1.jar(/org/springframework/beans/factory/InitializingBean.class)]
[INFO] [loading /Users/shoaibahmed/.m2/repository/org/springframework/spring-beans/6.1.1/spring-beans-6.1.1.jar(/org/springframework/beans/factory/DisposableBean.class)]
[INFO] [loading /modules/java.base/java/math/BigDecimal.class]
[INFO] [loading /Users/shoaibahmed/.m2/repository/org/springframework/spring-web/6.1.1/spring-web-6.1.1.jar(/org/springframework/http/HttpStatus.class)]
[INFO] [loading /Users/shoaibahmed/.m2/repository/org/springframework/spring-web/6.1.1/spring-web-6.1.1.jar(/org/springframework/web/bind/annotation/ResponseStatus.class)]
[INFO] [loading /modules/java.base/java/lang/RuntimeException.class]
[INFO] [loading /modules/java.base/java/lang/Throwable.class]
[INFO] [loading /Users/shoaibahmed/.m2/repository/jakarta/validation/jakarta.validation-api/3.0.2/jakarta.validation-api-3.0.2.jar(/jakarta/validation/Valid.class)]
[INFO] [loading /Users/shoaibahmed/.m2/repository/org/springframework/spring-web/6.1.1/spring-web-6.1.1.jar(/org/springframework/http/ResponseEntity.class)]
[INFO] [loading /Users/shoaibahmed/.m2/repository/org/springframework/security/spring-security-core/6.2.0/spring-security-core-6.2.0.jar(/org/springframework/security/access/prepost/PreAuthorize.class)]
[INFO] [loading /Users/shoaibahmed/.m2/repository/org/springframework/spring-web/6.1.1/spring-web-6.1.1.jar(/org/springframework/web/bind/annotation/RestController.class)]
[INFO] [loading /Users/shoaibahmed/.m2/repository/org/springframework/spring-web/6.1.1/spring-web-6.1.1.jar(/org/springframework/web/bind/annotation/RequestMapping.class)]
[INFO] [loading /modules/java.base/java/lang/Void.class]
[INFO] [loading /modules/java.base/java/lang/Double.class]
[INFO] [loading /Users/shoaibahmed/.m2/repository/jakarta/validation/jakarta.validation-api/3.0.2/jakarta.validation-api-3.0.2.jar(/jakarta/validation/constraints/NotEmpty.class)]
[INFO] [loading /Users/shoaibahmed/.m2/repository/org/springframework/security/spring-security-core/6.2.0/spring-security-core-6.2.0.jar(/org/springframework/security/core/Authentication.class)]
[INFO] [loading /Users/shoaibahmed/.m2/repository/org/springframework/security/spring-security-core/6.2.0/spring-security-core-6.2.0.jar(/org/springframework/security/core/userdetails/UsernameNotFoundException.class)]
[INFO] [loading /Users/shoaibahmed/.m2/repository/jakarta/validation/jakarta.validation-api/3.0.2/jakarta.validation-api-3.0.2.jar(/jakarta/validation/constraints/Email.class)]
[INFO] [loading /Users/shoaibahmed/.m2/repository/org/springframework/spring-web/6.1.1/spring-web-6.1.1.jar(/org/springframework/web/bind/annotation/GetMapping.class)]
[INFO] [loading /modules/java.base/java/util/Collections.class]
[INFO] [loading /Users/shoaibahmed/.m2/repository/io/swagger/core/v3/swagger-models-jakarta/2.2.15/swagger-models-jakarta-2.2.15.jar(/io/swagger/v3/oas/models/Components.class)]
[INFO] [loading /Users/shoaibahmed/.m2/repository/io/swagger/core/v3/swagger-models-jakarta/2.2.15/swagger-models-jakarta-2.2.15.jar(/io/swagger/v3/oas/models/OpenAPI.class)]
[INFO] [loading /Users/shoaibahmed/.m2/repository/io/swagger/core/v3/swagger-models-jakarta/2.2.15/swagger-models-jakarta-2.2.15.jar(/io/swagger/v3/oas/models/info/Info.class)]
[INFO] [loading /Users/shoaibahmed/.m2/repository/io/swagger/core/v3/swagger-models-jakarta/2.2.15/swagger-models-jakarta-2.2.15.jar(/io/swagger/v3/oas/models/security/SecurityRequirement.class)]
[INFO] [loading /Users/shoaibahmed/.m2/repository/io/swagger/core/v3/swagger-models-jakarta/2.2.15/swagger-models-jakarta-2.2.15.jar(/io/swagger/v3/oas/models/security/SecurityScheme.class)]
[INFO] [loading /Users/shoaibahmed/.m2/repository/org/springframework/boot/spring-boot/3.2.0/spring-boot-3.2.0.jar(/org/springframework/boot/SpringApplication.class)]
[INFO] [loading /Users/shoaibahmed/.m2/repository/org/springframework/boot/spring-boot-autoconfigure/3.2.0/spring-boot-autoconfigure-3.2.0.jar(/org/springframework/boot/autoconfigure/SpringBootApplication.class)]
[INFO] [loading /Users/shoaibahmed/.m2/repository/org/springframework/spring-web/6.1.1/spring-web-6.1.1.jar(/org/springframework/web/bind/annotation/PathVariable.class)]
[INFO] [loading /Users/shoaibahmed/.m2/repository/org/projectlombok/lombok/1.18.30/lombok-1.18.30.jar(/lombok/extern/slf4j/Slf4j.class)]
[INFO] [loading /Users/shoaibahmed/.m2/repository/org/springframework/spring-web/6.1.1/spring-web-6.1.1.jar(/org/springframework/http/HttpHeaders.class)]
[INFO] [loading /Users/shoaibahmed/.m2/repository/org/springframework/spring-web/6.1.1/spring-web-6.1.1.jar(/org/springframework/http/HttpStatusCode.class)]
[INFO] [loading /Users/shoaibahmed/.m2/repository/org/springframework/spring-web/6.1.1/spring-web-6.1.1.jar(/org/springframework/http/converter/HttpMessageNotReadableException.class)]
[INFO] [loading /Users/shoaibahmed/.m2/repository/org/springframework/security/spring-security-core/6.2.0/spring-security-core-6.2.0.jar(/org/springframework/security/access/AccessDeniedException.class)]
[INFO] [loading /Users/shoaibahmed/.m2/repository/org/springframework/security/spring-security-core/6.2.0/spring-security-core-6.2.0.jar(/org/springframework/security/core/AuthenticationException.class)]
[INFO] [loading /Users/shoaibahmed/.m2/repository/org/springframework/spring-context/6.1.1/spring-context-6.1.1.jar(/org/springframework/validation/FieldError.class)]
[INFO] [loading /Users/shoaibahmed/.m2/repository/org/springframework/spring-web/6.1.1/spring-web-6.1.1.jar(/org/springframework/web/bind/MethodArgumentNotValidException.class)]
[INFO] [loading /Users/shoaibahmed/.m2/repository/org/springframework/spring-web/6.1.1/spring-web-6.1.1.jar(/org/springframework/web/bind/annotation/ExceptionHandler.class)]
[INFO] [loading /Users/shoaibahmed/.m2/repository/org/springframework/spring-web/6.1.1/spring-web-6.1.1.jar(/org/springframework/web/bind/annotation/RestControllerAdvice.class)]
[INFO] [loading /Users/shoaibahmed/.m2/repository/org/springframework/spring-web/6.1.1/spring-web-6.1.1.jar(/org/springframework/web/context/request/WebRequest.class)]
[INFO] [loading /Users/shoaibahmed/.m2/repository/org/springframework/spring-webmvc/6.1.1/spring-webmvc-6.1.1.jar(/org/springframework/web/servlet/mvc/method/annotation/ResponseEntityExceptionHandler.class)]
[INFO] [loading /Users/shoaibahmed/.m2/repository/org/springframework/spring-context/6.1.1/spring-context-6.1.1.jar(/org/springframework/context/MessageSourceAware.class)]
[INFO] [loading /modules/java.base/java/lang/annotation/Target.class]
[INFO] [loading /modules/java.base/java/lang/annotation/ElementType.class]
[INFO] [loading /modules/java.base/java/lang/annotation/Retention.class]
[INFO] [loading /modules/java.base/java/lang/annotation/RetentionPolicy.class]
[INFO] [loading /Users/shoaibahmed/.m2/repository/org/projectlombok/lombok/1.18.30/lombok-1.18.30.jar(/lombok/AccessLevel.class)]
[INFO] [loading /Users/shoaibahmed/.m2/repository/org/springframework/spring-core/6.1.1/spring-core-6.1.1.jar(/org/springframework/core/annotation/AliasFor.class)]
[INFO] [loading /Users/shoaibahmed/.m2/repository/org/springframework/spring-tx/6.1.1/spring-tx-6.1.1.jar(/org/springframework/transaction/annotation/Propagation.class)]
[INFO] [loading /Users/shoaibahmed/.m2/repository/org/springframework/spring-tx/6.1.1/spring-tx-6.1.1.jar(/org/springframework/transaction/annotation/Isolation.class)]
[INFO] [loading /modules/java.base/java/lang/Deprecated.class]
[INFO] [loading /modules/java.base/java/lang/annotation/Annotation.class]
[INFO] [loading /modules/java.base/java/lang/annotation/Repeatable.class]
[INFO] [loading /Users/shoaibahmed/.m2/repository/jakarta/validation/jakarta.validation-api/3.0.2/jakarta.validation-api-3.0.2.jar(/jakarta/validation/Constraint.class)]
[INFO] [loading /Users/shoaibahmed/.m2/repository/jakarta/persistence/jakarta.persistence-api/3.1.0/jakarta.persistence-api-3.1.0.jar(/jakarta/persistence/Id.class)]
[INFO] [loading /Users/shoaibahmed/.m2/repository/jakarta/persistence/jakarta.persistence-api/3.1.0/jakarta.persistence-api-3.1.0.jar(/jakarta/persistence/GeneratedValue.class)]
[INFO] [loading /Users/shoaibahmed/.m2/repository/jakarta/persistence/jakarta.persistence-api/3.1.0/jakarta.persistence-api-3.1.0.jar(/jakarta/persistence/GenerationType.class)]
[INFO] [loading /Users/shoaibahmed/.m2/repository/jakarta/persistence/jakarta.persistence-api/3.1.0/jakarta.persistence-api-3.1.0.jar(/jakarta/persistence/Column.class)]
[INFO] [loading /Users/shoaibahmed/.m2/repository/jakarta/persistence/jakarta.persistence-api/3.1.0/jakarta.persistence-api-3.1.0.jar(/jakarta/persistence/Enumerated.class)]
[INFO] [loading /Users/shoaibahmed/.m2/repository/jakarta/persistence/jakarta.persistence-api/3.1.0/jakarta.persistence-api-3.1.0.jar(/jakarta/persistence/EnumType.class)]
[INFO] [loading /Users/shoaibahmed/.m2/repository/org/springframework/spring-context/6.1.1/spring-context-6.1.1.jar(/org/springframework/context/annotation/Import.class)]
[INFO] [loading /Users/shoaibahmed/.m2/repository/org/springframework/spring-beans/6.1.1/spring-beans-6.1.1.jar(/org/springframework/beans/factory/annotation/Autowired.class)]
[INFO] [loading /Users/shoaibahmed/.m2/repository/org/springframework/spring-context/6.1.1/spring-context-6.1.1.jar(/org/springframework/context/annotation/AdviceMode.class)]
[INFO] [loading /modules/java.base/java/lang/Override.class]
[INFO] [loading /Users/shoaibahmed/.m2/repository/org/springframework/spring-core/6.1.1/spring-core-6.1.1.jar(/org/springframework/aot/hint/annotation/Reflective.class)]
[INFO] [loading /Users/shoaibahmed/.m2/repository/org/springframework/spring-web/6.1.1/spring-web-6.1.1.jar(/org/springframework/web/bind/annotation/RequestBody.class)]
[INFO] [loading /Users/shoaibahmed/.m2/repository/org/springframework/spring-web/6.1.1/spring-web-6.1.1.jar(/org/springframework/web/bind/annotation/PostMapping.class)]
[INFO] [loading /Users/shoaibahmed/.m2/repository/org/springframework/spring-web/6.1.1/spring-web-6.1.1.jar(/org/springframework/web/bind/annotation/PutMapping.class)]
[INFO] [loading /Users/shoaibahmed/.m2/repository/org/springframework/spring-web/6.1.1/spring-web-6.1.1.jar(/org/springframework/web/bind/annotation/PatchMapping.class)]
[INFO] [loading /Users/shoaibahmed/.m2/repository/org/springframework/spring-web/6.1.1/spring-web-6.1.1.jar(/org/springframework/web/bind/annotation/RequestParam.class)]
[INFO] [loading /Users/shoaibahmed/.m2/repository/org/springframework/spring-web/6.1.1/spring-web-6.1.1.jar(/org/springframework/web/bind/annotation/DeleteMapping.class)]
[INFO] [loading /Users/shoaibahmed/.m2/repository/org/springframework/spring-web/6.1.1/spring-web-6.1.1.jar(/org/springframework/web/bind/annotation/RequestMethod.class)]
[INFO] [loading /Users/shoaibahmed/.m2/repository/org/springframework/spring-context/6.1.1/spring-context-6.1.1.jar(/org/springframework/context/annotation/ComponentScan.class)]
[INFO] [loading /Users/shoaibahmed/.m2/repository/org/springframework/spring-context/6.1.1/spring-context-6.1.1.jar(/org/springframework/context/annotation/ComponentScan$Filter.class)]
[INFO] [loading /Users/shoaibahmed/.m2/repository/org/springframework/spring-context/6.1.1/spring-context-6.1.1.jar(/org/springframework/context/annotation/FilterType.class)]
[INFO] [loading /modules/java.base/java/lang/Class.class]
[INFO] [loading /Users/shoaibahmed/.m2/repository/org/springframework/spring-context/6.1.1/spring-context-6.1.1.jar(/org/springframework/context/annotation/ScopedProxyMode.class)]
[INFO] [loading /Users/shoaibahmed/.m2/repository/org/projectlombok/lombok/1.18.30/lombok-1.18.30.jar(/lombok/RequiredArgsConstructor$AnyAnnotation.class)]
[INFO] [loading /Users/shoaibahmed/.m2/repository/jakarta/persistence/jakarta.persistence-api/3.1.0/jakarta.persistence-api-3.1.0.jar(/jakarta/persistence/Index.class)]
[INFO] [loading /Users/shoaibahmed/.m2/repository/jakarta/persistence/jakarta.persistence-api/3.1.0/jakarta.persistence-api-3.1.0.jar(/jakarta/persistence/UniqueConstraint.class)]
[INFO] [loading /Users/shoaibahmed/.m2/repository/org/projectlombok/lombok/1.18.30/lombok-1.18.30.jar(/lombok/NoArgsConstructor$AnyAnnotation.class)]
[INFO] [loading /Users/shoaibahmed/.m2/repository/org/projectlombok/lombok/1.18.30/lombok-1.18.30.jar(/lombok/AllArgsConstructor$AnyAnnotation.class)]
[INFO] [loading /Users/shoaibahmed/.m2/repository/jakarta/validation/jakarta.validation-api/3.0.2/jakarta.validation-api-3.0.2.jar(/jakarta/validation/constraints/Pattern.class)]
[INFO] [loading /Users/shoaibahmed/.m2/repository/jakarta/validation/jakarta.validation-api/3.0.2/jakarta.validation-api-3.0.2.jar(/jakarta/validation/constraints/Pattern$Flag.class)]
[INFO] 
[INFO] --- resources:3.4.0:testResources (default-testResources) @ quizmaster-backend ---
[WARNING] Using platform encoding (UTF-8 actually) to copy filtered resources, i.e. build is platform dependent!
[INFO] skip non existing resourceDirectory /Users/shoaibahmed/freeClaude/QuizMaster/backend/src/test/resources
[INFO] 
[INFO] --- compiler:3.8.1:testCompile (default-testCompile) @ quizmaster-backend ---
[INFO] No sources to compile
[INFO] 
[INFO] <<< spring-boot:3.2.0:run (default-cli) < test-compile @ quizmaster-backend <<<
[INFO] 
[INFO] 
[INFO] --- spring-boot:3.2.0:run (default-cli) @ quizmaster-backend ---
[INFO] Attaching agents: []

  .   ____          _            __ _ _
 /\\ / ___'_ __ _ _(_)_ __  __ _ \ \ \ \
( ( )\___ | '_ | '_| | '_ \/ _` | \ \ \ \
 \\/  ___)| |_)| | | | | || (_| |  ) ) ) )
  '  |____| .__|_| |_|_| |_\__, | / / / /
 =========|_|==============|___/=/_/_/_/
 :: Spring Boot ::                (v3.2.0)

2026-06-19T19:57:38.103+05:30  INFO 16291 --- [           main] com.quizmaster.QuizmasterApplication     : Starting QuizmasterApplication using Java 17.0.19 with PID 16291 (/Users/shoaibahmed/freeClaude/QuizMaster/backend/target/classes started by shoaibahmed in /Users/shoaibahmed/freeClaude/QuizMaster/backend)
2026-06-19T19:57:38.104+05:30 DEBUG 16291 --- [           main] com.quizmaster.QuizmasterApplication     : Running with Spring Boot v3.2.0, Spring v6.1.1
2026-06-19T19:57:38.104+05:30  INFO 16291 --- [           main] com.quizmaster.QuizmasterApplication     : No active profile set, falling back to 1 default profile: "default"
2026-06-19T19:57:38.301+05:30  INFO 16291 --- [           main] .s.d.r.c.RepositoryConfigurationDelegate : Bootstrapping Spring Data JPA repositories in DEFAULT mode.
2026-06-19T19:57:38.318+05:30  INFO 16291 --- [           main] .s.d.r.c.RepositoryConfigurationDelegate : Finished Spring Data repository scanning in 14 ms. Found 8 JPA repository interfaces.
2026-06-19T19:57:38.480+05:30  INFO 16291 --- [           main] o.s.b.w.embedded.tomcat.TomcatWebServer  : Tomcat initialized with port 8080 (http)
2026-06-19T19:57:38.482+05:30  INFO 16291 --- [           main] o.apache.catalina.core.StandardService   : Starting service [Tomcat]
2026-06-19T19:57:38.482+05:30  INFO 16291 --- [           main] o.apache.catalina.core.StandardEngine    : Starting Servlet engine: [Apache Tomcat/10.1.16]
2026-06-19T19:57:38.499+05:30  INFO 16291 --- [           main] o.a.c.c.C.[Tomcat].[localhost].[/]       : Initializing Spring embedded WebApplicationContext
2026-06-19T19:57:38.499+05:30  INFO 16291 --- [           main] w.s.c.ServletWebServerApplicationContext : Root WebApplicationContext: initialization completed in 384 ms
2026-06-19T19:57:38.524+05:30  INFO 16291 --- [           main] com.zaxxer.hikari.HikariDataSource       : HikariPool-1 - Starting...
2026-06-19T19:57:38.564+05:30  INFO 16291 --- [           main] com.zaxxer.hikari.pool.HikariPool        : HikariPool-1 - Added connection org.postgresql.jdbc.PgConnection@4e424582
2026-06-19T19:57:38.564+05:30  INFO 16291 --- [           main] com.zaxxer.hikari.HikariDataSource       : HikariPool-1 - Start completed.
2026-06-19T19:57:38.582+05:30  INFO 16291 --- [           main] o.f.c.internal.license.VersionPrinter    : Flyway Community Edition 9.22.3 by Redgate
2026-06-19T19:57:38.583+05:30  INFO 16291 --- [           main] o.f.c.internal.license.VersionPrinter    : See release notes here: https://rd.gt/416ObMi
2026-06-19T19:57:38.583+05:30  INFO 16291 --- [           main] o.f.c.internal.license.VersionPrinter    : 
2026-06-19T19:57:38.586+05:30  INFO 16291 --- [           main] org.flywaydb.core.FlywayExecutor         : Database: jdbc:postgresql://localhost:5432/quizmaster (PostgreSQL 16.14)
2026-06-19T19:57:38.588+05:30  WARN 16291 --- [           main] o.f.c.internal.database.base.Database    : Flyway upgrade recommended: PostgreSQL 16.14 is newer than this version of Flyway and support has not been tested. The latest supported version of PostgreSQL is 15.
2026-06-19T19:57:38.601+05:30  INFO 16291 --- [           main] o.f.core.internal.command.DbValidate     : Successfully validated 11 migrations (execution time 00:00.008s)
2026-06-19T19:57:38.610+05:30  INFO 16291 --- [           main] o.f.core.internal.command.DbMigrate      : Current version of schema "public": 11
2026-06-19T19:57:38.611+05:30  INFO 16291 --- [           main] o.f.core.internal.command.DbMigrate      : Schema "public" is up to date. No migration necessary.
2026-06-19T19:57:38.634+05:30  INFO 16291 --- [           main] o.hibernate.jpa.internal.util.LogHelper  : HHH000204: Processing PersistenceUnitInfo [name: default]
2026-06-19T19:57:38.650+05:30  INFO 16291 --- [           main] org.hibernate.Version                    : HHH000412: Hibernate ORM core version 6.3.1.Final
2026-06-19T19:57:38.660+05:30  INFO 16291 --- [           main] o.h.c.internal.RegionFactoryInitiator    : HHH000026: Second-level cache disabled
2026-06-19T19:57:38.717+05:30  INFO 16291 --- [           main] o.s.o.j.p.SpringPersistenceUnitInfo      : No LoadTimeWeaver setup: ignoring JPA class transformer
2026-06-19T19:57:38.741+05:30 DEBUG 16291 --- [           main] o.h.t.d.sql.spi.DdlTypeRegistry          : addDescriptor(6, org.hibernate.type.descriptor.sql.internal.CapacityDependentDdlType@478530cb) replaced previous registration(org.hibernate.type.descriptor.sql.internal.DdlTypeImpl@5be7b749)
2026-06-19T19:57:38.975+05:30  INFO 16291 --- [           main] o.h.e.t.j.p.i.JtaPlatformInitiator       : HHH000489: No JTA platform available (set 'hibernate.transaction.jta.platform' to enable JTA platform integration)
2026-06-19T19:57:39.000+05:30  INFO 16291 --- [           main] j.LocalContainerEntityManagerFactoryBean : Initialized JPA EntityManagerFactory for persistence unit 'default'
2026-06-19T19:57:39.097+05:30 DEBUG 16291 --- [           main] c.q.config.JwtAuthenticationFilter       : Filter 'jwtAuthenticationFilter' configured for use
2026-06-19T19:57:39.233+05:30  WARN 16291 --- [           main] JpaBaseConfiguration$JpaWebConfiguration : spring.jpa.open-in-view is enabled by default. Therefore, database queries may be performed during view rendering. Explicitly configure spring.jpa.open-in-view to disable this warning
2026-06-19T19:57:39.340+05:30  INFO 16291 --- [           main] o.s.s.web.DefaultSecurityFilterChain     : Will secure any request with [org.springframework.security.web.session.DisableEncodeUrlFilter@f461c9c, org.springframework.security.web.context.request.async.WebAsyncManagerIntegrationFilter@40477d52, org.springframework.security.web.context.SecurityContextHolderFilter@78ca8258, org.springframework.security.web.header.HeaderWriterFilter@7ceb7a60, org.springframework.web.filter.CorsFilter@2a1be9f8, org.springframework.security.web.authentication.logout.LogoutFilter@7aa5292d, com.quizmaster.config.JwtAuthenticationFilter@7ca7bddd, org.springframework.security.web.savedrequest.RequestCacheAwareFilter@38224635, org.springframework.security.web.servletapi.SecurityContextHolderAwareRequestFilter@7385a72f, org.springframework.security.web.authentication.AnonymousAuthenticationFilter@59b43e35, org.springframework.security.web.session.SessionManagementFilter@628b9af5, org.springframework.security.web.access.ExceptionTranslationFilter@63024843, org.springframework.security.web.access.intercept.AuthorizationFilter@18baee88]
2026-06-19T19:57:39.461+05:30  INFO 16291 --- [           main] o.s.b.w.embedded.tomcat.TomcatWebServer  : Tomcat started on port 8080 (http) with context path ''
2026-06-19T19:57:39.464+05:30  INFO 16291 --- [           main] com.quizmaster.QuizmasterApplication     : Started QuizmasterApplication in 1.456 seconds (process running for 1.537)
2026-06-19T19:57:50.910+05:30  INFO 16291 --- [nio-8080-exec-1] o.a.c.c.C.[Tomcat].[localhost].[/]       : Initializing Spring DispatcherServlet 'dispatcherServlet'
2026-06-19T19:57:50.910+05:30  INFO 16291 --- [nio-8080-exec-1] o.s.web.servlet.DispatcherServlet        : Initializing Servlet 'dispatcherServlet'
2026-06-19T19:57:50.911+05:30  INFO 16291 --- [nio-8080-exec-1] o.s.web.servlet.DispatcherServlet        : Completed initialization in 1 ms
2026-06-19T19:57:50.917+05:30  WARN 16291 --- [nio-8080-exec-1] o.s.w.s.h.HandlerMappingIntrospector     : Cache miss for REQUEST dispatch to '/api/auth/login' (previous null). Performing MatchableHandlerMapping lookup. This is logged once only at WARN level, and every time at TRACE.
[INFO] ------------------------------------------------------------------------
[INFO] BUILD FAILURE
[INFO] ------------------------------------------------------------------------
[INFO] Total time:  39:42 min
[INFO] Finished at: 2026-06-19T20:37:19+05:30
[INFO] ------------------------------------------------------------------------
[ERROR] Failed to execute goal org.springframework.boot:spring-boot-maven-plugin:3.2.0:run (default-cli) on project quizmaster-backend: Process terminated with exit code: 137 -> [Help 1]
[ERROR] 
[ERROR] To see the full stack trace of the errors, re-run Maven with the -e switch.
[ERROR] Re-run Maven using the -X switch to enable full debug logging.
[ERROR] 
[ERROR] For more information about the errors and possible solutions, please read the following articles:
[ERROR] [Help 1] http://cwiki.apache.org/confluence/display/MAVEN/MojoExecutionException
                                                                                                                                                                                                                                                                                                                                                                                                                                                                                                                                                                                                                                                                                                                                                                                                                                                                                                                                                                                                                                                                                                                                                                                                                                                                                                                                                                                                                                                                                                                                                                                                                                                                                                                                                                                                                                                                                                                                                                                                                                                                                                                                                                                                                                                                                                                                                                                                                                                                                                                                                                                                                                                                                                                                                                                                                                                                                                                                                                                                                                                                                                                                                                                                                                                                                                                                                                                                                                                                                                                                                                                                                                                                                                                                                                                                                                                                                                                                                                                                                                                                                                                                                                                                                                                                                                                                                                                                                                                                                                                                                                                                                                                                                                                                                                                                                                                                                                                                                                                                                                                                                                                                                                                                                                                                                                                                                                                                                                                                                                                                                                                                                                                                                                                                                                                                                                                                                                                                                                                                                                                                                                                                                                                                                                                                                                                                                                                                                                                                                                                                                                                                                                                                                                                                                                                                                                                                                                                                                                                                                                                                                                                                                                                                                                                                                                                                                                                                                                                                                                                                                                                                                                                                                                                                                                                                                                                                                                                                                                                                                                                                                                                                                                                                                                                                                                                                                                                                                                                                                                                                                                                                                                                                                                                                                                                                                                                                                                                                                                                                                                                                                                                                                                                                                                                                                                                                                                                                                                                                                                                                                                                                                                                                                                                                                                                                                                                                                                                                                                                                                                                                                                                                                                                                                                                                                                                                                                                                                                                                                                                                                                                                                                                                                                                                                                                                                                                                                                                                                                                                                                                                                                                                                                                                                                                                                                                                                                                                                                                                                                                                                                                                                                                                                                                                                                                                                                                                                                                                                                                                                                                                                                                                                                                                                                                                                                                                                                                                                                                                                                                                                                                                                                                                                                                                                                                                                                                                                                                                                                                                                                                                                                                                                                                                                                                                                                                                                                                                                                                                                                                                                                                                                                                                                                                                                                                                                                                                                                                                                                                                                                                                                                                                                                                                                                                                                                                                                                                                                                                                                                                                                                                                                                                                                                                                                                                                                                                                                                                                                                                                                                                                                                                                                                                                                                                                                                                                                                                                                                                                                                                                                                                                                                                                                                                                                                                                                                                                                                                                                                                                                                                                                                                                                                                                                                                                                                                                                                                                                                                                                                                                                                                                                                                                                                                                                                                                                                                                                                                                                                                                                                                                                                                                                                                                                                                                                                                                                                                                                                                                                                                                                                                                                                                                                                                                                                                                                                                                                                                                                                                                                                                                                                                                                                                                                                                                                                                                                                                                                                                                                                                                                                                                                                                                                                                                                                                                                                                                                                                                                                                                                                                                                                                                                                                                                                                                                                                                                                                                                                                                                                                                                                                                                                                                                                                                                                                                                                                                                                                                                                                                                                                                                                                                                                                                                                                                                                                                                                                                                                                                                                                                                                                                                                                                                                                                                                                                                                                                                                                                                                                                                                                                                                                                                                                                                                                                                                                                                                                                                                                                                                                                                                                                                                                                                                                                                                                                                                                                                                                                                                                                                                                                                                                                                                                                                                                                                                                                                                                                                                                                                                                                                                                                                                                                                                                                                                                                                                                                                                                                                                                                                                                                                                                                                                                                                                                                                                                                                                                                                                                                                                                                                                                                                                                                                                                                                                                                                                                                                                                                                                                                                                                                                                                                                                                                                                                                                                                                                                                                                                                                                                                                                                                                                                                                                                                                                                                                                                                                                                                                                                                                                                                                                                                                                                                                                                                                                                                                                                                                                                                                                                                                                                                                                                                                                                                                                                                                                                                                                                                                                                                                                                                                                                                                                                                                                                                                                                                                                                                                                                                                                                                                                                                                                                                                                                                                                                                                                                                                                                                                                                                                                                                                                                                                                                                                                                                                                                                                                                                                                                                                                                                                                                                                                                                                                                                                                                                                                                                                                                                                                                                                                                                             2026-06-19T19:57:35.885+05:30  INFO 16173 --- [ionShutdownHook] j.LocalContainerEntityManagerFactoryBean : Closing JPA EntityManagerFactory for persistence unit 'default'
2026-06-19T19:57:35.892+05:30  INFO 16173 --- [ionShutdownHook] com.zaxxer.hikari.HikariDataSource       : HikariPool-1 - Shutdown initiated...
2026-06-19T19:57:35.894+05:30  INFO 16173 --- [ionShutdownHook] com.zaxxer.hikari.HikariDataSource       : HikariPool-1 - Shutdown completed.
